Log file open, 11/07/19 08:36:52
LogWindows: Failed to load 'aqProf.dll' (GetLastError=126)
LogWindows: File 'aqProf.dll' does not exist
LogWindows: Failed to load 'VtuneApi.dll' (GetLastError=126)
LogWindows: File 'VtuneApi.dll' does not exist
LogWindows: Failed to load 'VtuneApi32e.dll' (GetLastError=126)
LogWindows: File 'VtuneApi32e.dll' does not exist
LogConsoleResponse: Display: Failed to find resolution value strings in scalability ini. Falling back to default.
LogInit: Display: Running engine for game: BPOW
LogPakFile: Registered encryption key '00000000000000000000000000000000': 0 pak files mounted, 0 remain pending
LogPlatformFile: Not using cached read wrapper
LogTaskGraph: Started task graph with 5 named threads and 35 total threads with 3 sets of task threads.
LogStats: Stats thread started at 0.434078
LogD3D11RHI: Loaded GFSDK_Aftermath_Lib.x64.dll
LogICUInternationalization: ICU TimeZone Detection - Raw Offset: +1:00, Platform Override: ''
LogPluginManager: Mounting plugin Paper2D
LogPluginManager: Mounting plugin AISupport
LogPluginManager: Mounting plugin LightPropagationVolume
LogPluginManager: Mounting plugin ActorLayerUtilities
LogPluginManager: Mounting plugin AnimationSharing
LogPluginManager: Mounting plugin CLionSourceCodeAccess
LogPluginManager: Mounting plugin CodeLiteSourceCodeAccess
LogPluginManager: Mounting plugin GitSourceControl
LogPluginManager: Mounting plugin KDevelopSourceCodeAccess
LogPluginManager: Mounting plugin NullSourceCodeAccess
LogPluginManager: Mounting plugin PerforceSourceControl
LogPluginManager: Mounting plugin SubversionSourceControl
LogPluginManager: Mounting plugin UObjectPlugin
LogPluginManager: Mounting plugin VisualStudioCodeSourceCodeAccess
LogPluginManager: Mounting plugin VisualStudioSourceCodeAccess
LogPluginManager: Mounting plugin XCodeSourceCodeAccess
LogPluginManager: Mounting plugin AssetManagerEditor
LogPluginManager: Mounting plugin CryptoKeys
LogPluginManager: Mounting plugin DataValidation
LogPluginManager: Mounting plugin FacialAnimation
LogPluginManager: Mounting plugin GameplayTagsEditor
LogPluginManager: Mounting plugin MacGraphicsSwitching
LogPluginManager: Mounting plugin MaterialAnalyzer
LogPluginManager: Mounting plugin MobileLauncherProfileWizard
LogPluginManager: Mounting plugin PluginBrowser
LogPluginManager: Mounting plugin SpeedTreeImporter
LogPluginManager: Mounting plugin DatasmithContent
LogPluginManager: Mounting plugin VariantManagerContent
LogPluginManager: Mounting plugin AlembicImporter
LogPluginManager: Mounting plugin AppleImageUtils
LogPluginManager: Mounting plugin AppleVision
LogPluginManager: Mounting plugin BackChannel
LogPluginManager: Mounting plugin CharacterAI
LogPluginManager: Mounting plugin GeometryCache
LogPluginManager: Mounting plugin HTML5Networking
LogPluginManager: Mounting plugin ProxyLODPlugin
LogPluginManager: Mounting plugin SkeletalReduction
LogPluginManager: Mounting plugin MagicLeap
LogPluginManager: Mounting plugin MagicLeapMedia
LogPluginManager: Mounting plugin AndroidMedia
LogPluginManager: Mounting plugin AvfMedia
LogPluginManager: Mounting plugin ImgMedia
LogPluginManager: Mounting plugin LinearTimecode
LogPluginManager: Mounting plugin MediaCompositing
LogPluginManager: Mounting plugin MediaPlayerEditor
LogPluginManager: Mounting plugin WebMMedia
LogPluginManager: Mounting plugin WmfMedia
LogPluginManager: Mounting plugin TcpMessaging
LogPluginManager: Mounting plugin UdpMessaging
LogPluginManager: Mounting plugin ActorSequence
LogPluginManager: Mounting plugin LevelSequenceEditor
LogPluginManager: Mounting plugin MatineeToLevelSequence
LogPluginManager: Mounting plugin NetcodeUnitTest
LogPluginManager: Mounting plugin NUTUnrealEngine4
LogPluginManager: Mounting plugin OnlineSubsystemGooglePlay
LogPluginManager: Mounting plugin OnlineSubsystemIOS
LogPluginManager: Mounting plugin OnlineSubsystem
LogPluginManager: Mounting plugin OnlineSubsystemNull
LogPluginManager: Mounting plugin OnlineSubsystemUtils
LogPluginManager: Mounting plugin LauncherChunkInstaller
LogPluginManager: Mounting plugin AndroidDeviceProfileSelector
LogPluginManager: Mounting plugin AndroidMoviePlayer
LogPluginManager: Mounting plugin AndroidPermission
LogPluginManager: Mounting plugin AppleMoviePlayer
LogPluginManager: Mounting plugin ArchVisCharacter
LogPluginManager: Mounting plugin AudioCapture
LogPluginManager: Mounting plugin CableComponent
LogPluginManager: Mounting plugin CustomMeshComponent
LogPluginManager: Mounting plugin EditableMesh
LogPluginManager: Mounting plugin ExampleDeviceProfileSelector
LogPluginManager: Mounting plugin Firebase
LogPluginManager: Mounting plugin GoogleCloudMessaging
LogPluginManager: Mounting plugin IOSDeviceProfileSelector
LogPluginManager: Mounting plugin LinuxDeviceProfileSelector
LogPluginManager: Mounting plugin LocationServicesBPLibrary
LogPluginManager: Mounting plugin MobilePatchingUtils
LogPluginManager: Mounting plugin OculusVR
LogPluginManager: Mounting plugin PhysXVehicles
LogPluginManager: Mounting plugin ProceduralMeshComponent
LogPluginManager: Mounting plugin RuntimePhysXCooking
LogPluginManager: Mounting plugin SignificanceManager
LogPluginManager: Mounting plugin SteamVR
LogPluginManager: Mounting plugin WebMMoviePlayer
LogPluginManager: Mounting plugin WindowsMoviePlayer
LogInit: Using libcurl 7.55.1-DEV
LogInit:  - built for x86_64-pc-win32
LogInit:  - supports SSL with OpenSSL/1.1.1
LogInit:  - supports HTTP deflate (compression) using libz 1.2.8
LogInit:  - other features:
LogInit:      CURL_VERSION_SSL
LogInit:      CURL_VERSION_LIBZ
LogInit:      CURL_VERSION_IPV6
LogInit:      CURL_VERSION_ASYNCHDNS
LogInit:      CURL_VERSION_LARGEFILE
LogInit:      CURL_VERSION_IDN
LogInit:  CurlRequestOptions (configurable via config and command line):
LogInit:  - bVerifyPeer = true  - Libcurl will verify peer certificate
LogInit:  - bUseHttpProxy = false  - Libcurl will NOT use HTTP proxy
LogInit:  - bDontReuseConnections = false  - Libcurl will reuse connections
LogInit:  - MaxHostConnections = 16  - Libcurl will limit the number of connections to a host
LogInit:  - LocalHostAddr = Default
LogInit:  - BufferSize = 65536
LogInit: WinSock: version 1.1 (2.2), MaxSocks=32767, MaxUdp=65467
LogInit: Build: ++UE4+Release-4.22-CL-7053642
LogInit: Engine Version: 4.22.3-7053642+++UE4+Release-4.22
LogInit: Compatible Engine Version: 4.22.0-5660361+++UE4+Release-4.22
LogInit: Net CL: 5660361
LogInit: OS: Windows 10 (Release 1809) (), CPU: AMD Ryzen 5 1600 Six-Core Processor            , GPU: NVIDIA GeForce GTX 1060 3GB
LogInit: Compiled (64-bit): Jun 18 2019 03:09:11
LogInit: Compiled with Visual C++: 19.16.27025.01
LogInit: Build Configuration: Development
LogInit: Branch Name: ++UE4+Release-4.22
LogInit: Command Line:  -EpicPortal -epicusername=JWeaver -epicuserid=b182334213ef45ab8fdff86f51268601 -epiclocale=en-US
LogInit: Base Directory: C:/Program Files/Epic Games/UE_4.22/Engine/Binaries/Win64/
LogInit: Installed Engine Build: 1
LogDevObjectVersion: Number of dev versions registered: 23
LogDevObjectVersion:   Dev-Blueprints (B0D832E4-1F89-4F0D-ACCF-7EB736FD4AA2): 10
LogDevObjectVersion:   Dev-Build (E1C64328-A22C-4D53-A36C-8E866417BD8C): 0
LogDevObjectVersion:   Dev-Core (375EC13C-06E4-48FB-B500-84F0262A717E): 3
LogDevObjectVersion:   Dev-Editor (E4B068ED-F494-42E9-A231-DA0B2E46BB41): 30
LogDevObjectVersion:   Dev-Framework (CFFC743F-43B0-4480-9391-14DF171D2073): 35
LogDevObjectVersion:   Dev-Mobile (B02B49B5-BB20-44E9-A304-32B752E40360): 2
LogDevObjectVersion:   Dev-Networking (A4E4105C-59A1-49B5-A7C5-40C4547EDFEE): 0
LogDevObjectVersion:   Dev-Online (39C831C9-5AE6-47DC-9A44-9C173E1C8E7C): 0
LogDevObjectVersion:   Dev-Physics (78F01B33-EBEA-4F98-B9B4-84EACCB95AA2): 0
LogDevObjectVersion:   Dev-Platform (6631380F-2D4D-43E0-8009-CF276956A95A): 0
LogDevObjectVersion:   Dev-Rendering (12F88B9F-8875-4AFC-A67C-D90C383ABD29): 28
LogDevObjectVersion:   Dev-Sequencer (7B5AE74C-D270-4C10-A958-57980B212A5A): 11
LogDevObjectVersion:   Dev-VR (D7296918-1DD6-4BDD-9DE2-64A83CC13884): 2
LogDevObjectVersion:   Dev-LoadTimes (C2A15278-BFE7-4AFE-6C17-90FF531DF755): 1
LogDevObjectVersion:   Private-Geometry (6EACA3D4-40EC-4CC1-B786-8BED09428FC5): 3
LogDevObjectVersion:   Dev-AnimPhys (29E575DD-E0A3-4627-9D10-D276232CDCEA): 17
LogDevObjectVersion:   Dev-Anim (AF43A65D-7FD3-4947-9873-3E8ED9C1BB05): 2
LogDevObjectVersion:   Dev-ReflectionCapture (6B266CEC-1EC7-4B8F-A30B-E4D90942FC07): 1
LogDevObjectVersion:   Dev-Automation (0DF73D61-A23F-47EA-B727-89E90C41499A): 1
LogDevObjectVersion:   FortniteMain (601D1886-AC64-4F84-AA16-D3DE0DEAC7D6): 25
LogDevObjectVersion:   Dev-Enterprise (9DFFBCD6-494F-0158-E221-12823C92A888): 6
LogDevObjectVersion:   Dev-Niagara (F2AED0AC-9AFE-416F-8664-AA7FFA26D6FC): 1
LogDevObjectVersion:   Dev-Destruction (174F1F0B-B4C6-45A5-B13F-2EE8D0FB917D): 2
LogInit: Presizing for max 16777216 objects, including 0 objects not considered by GC, pre-allocating 0 bytes for permanent pool.
LogInit: Object subsystem initialized
LogConfig: Setting CVar [[con.DebugEarlyDefault:1]]
LogConfig: Setting CVar [[r.setres:1280x720]]
[2019.11.07-07.36.52:751][  0]LogConfig: Setting CVar [[r.VSync:0]]
[2019.11.07-07.36.52:751][  0]LogConfig: Setting CVar [[r.RHICmdBypass:0]]
[2019.11.07-07.36.52:751][  0]LogConfig: Applying CVar settings from Section [/Script/Engine.RendererSettings] File [C:/Users/jsuarez/Documents/Gameplay/BPOW/BPOW/Saved/Config/Windows/Engine.ini]
[2019.11.07-07.36.52:751][  0]LogConfig: Setting CVar [[r.GPUCrashDebugging:0]]
[2019.11.07-07.36.52:751][  0]LogConfig: Applying CVar settings from Section [/Script/Engine.RendererOverrideSettings] File [C:/Users/jsuarez/Documents/Gameplay/BPOW/BPOW/Saved/Config/Windows/Engine.ini]
[2019.11.07-07.36.52:751][  0]LogConfig: Applying CVar settings from Section [/Script/Engine.StreamingSettings] File [C:/Users/jsuarez/Documents/Gameplay/BPOW/BPOW/Saved/Config/Windows/Engine.ini]
[2019.11.07-07.36.52:751][  0]LogConfig: Setting CVar [[s.MinBulkDataSizeForAsyncLoading:131072]]
[2019.11.07-07.36.52:751][  0]LogConfig: Setting CVar [[s.AsyncLoadingThreadEnabled:0]]
[2019.11.07-07.36.52:751][  0]LogConfig: Setting CVar [[s.EventDrivenLoaderEnabled:1]]
[2019.11.07-07.36.52:751][  0]LogConfig: Setting CVar [[s.WarnIfTimeLimitExceeded:0]]
[2019.11.07-07.36.52:751][  0]LogConfig: Setting CVar [[s.TimeLimitExceededMultiplier:1.5]]
[2019.11.07-07.36.52:751][  0]LogConfig: Setting CVar [[s.TimeLimitExceededMinTime:0.005]]
[2019.11.07-07.36.52:751][  0]LogConfig: Setting CVar [[s.UseBackgroundLevelStreaming:1]]
[2019.11.07-07.36.52:751][  0]LogConfig: Setting CVar [[s.PriorityAsyncLoadingExtraTime:15.0]]
[2019.11.07-07.36.52:751][  0]LogConfig: Setting CVar [[s.LevelStreamingActorsUpdateTimeLimit:5.0]]
[2019.11.07-07.36.52:751][  0]LogConfig: Setting CVar [[s.PriorityLevelStreamingActorsUpdateExtraTime:5.0]]
[2019.11.07-07.36.52:751][  0]LogConfig: Setting CVar [[s.LevelStreamingComponentsRegistrationGranularity:10]]
[2019.11.07-07.36.52:751][  0]LogConfig: Setting CVar [[s.UnregisterComponentsTimeLimit:1.0]]
[2019.11.07-07.36.52:751][  0]LogConfig: Setting CVar [[s.LevelStreamingComponentsUnregistrationGranularity:5]]
[2019.11.07-07.36.52:751][  0]LogConfig: Applying CVar settings from Section [/Script/Engine.GarbageCollectionSettings] File [C:/Users/jsuarez/Documents/Gameplay/BPOW/BPOW/Saved/Config/Windows/Engine.ini]
[2019.11.07-07.36.52:751][  0]LogConfig: Setting CVar [[gc.MaxObjectsNotConsideredByGC:1]]
[2019.11.07-07.36.52:751][  0]LogConfig: Setting CVar [[gc.SizeOfPermanentObjectPool:0]]
[2019.11.07-07.36.52:751][  0]LogConfig: Setting CVar [[gc.FlushStreamingOnGC:0]]
[2019.11.07-07.36.52:751][  0]LogConfig: Setting CVar [[gc.NumRetriesBeforeForcingGC:10]]
[2019.11.07-07.36.52:751][  0]LogConfig: Setting CVar [[gc.AllowParallelGC:1]]
[2019.11.07-07.36.52:751][  0]LogConfig: Setting CVar [[gc.TimeBetweenPurgingPendingKillObjects:61.1]]
[2019.11.07-07.36.52:751][  0]LogConfig: Setting CVar [[gc.MaxObjectsInEditor:16777216]]
[2019.11.07-07.36.52:751][  0]LogConfig: Setting CVar [[gc.IncrementalBeginDestroyEnabled:1]]
[2019.11.07-07.36.52:751][  0]LogConfig: Setting CVar [[gc.CreateGCClusters:1]]
[2019.11.07-07.36.52:751][  0]LogConfig: Setting CVar [[gc.MinGCClusterSize:5]]
[2019.11.07-07.36.52:751][  0]LogConfig: Setting CVar [[gc.ActorClusteringEnabled:0]]
[2019.11.07-07.36.52:751][  0]LogConfig: Setting CVar [[gc.BlueprintClusteringEnabled:0]]
[2019.11.07-07.36.52:751][  0]LogConfig: Setting CVar [[gc.UseDisregardForGCOnDedicatedServers:0]]
[2019.11.07-07.36.52:751][  0]LogConfig: Applying CVar settings from Section [/Script/Engine.NetworkSettings] File [C:/Users/jsuarez/Documents/Gameplay/BPOW/BPOW/Saved/Config/Windows/Engine.ini]
[2019.11.07-07.36.52:751][  0]LogConfig: Applying CVar settings from Section [/Script/UnrealEd.CookerSettings] File [C:/Users/jsuarez/Documents/Gameplay/BPOW/BPOW/Saved/Config/Windows/Engine.ini]
[2019.11.07-07.36.52:757][  0]LogConfig: Applying CVar settings from Section [ViewDistanceQuality@3] File [C:/Users/jsuarez/Documents/Gameplay/BPOW/BPOW/Saved/Config/Windows/Scalability.ini]
[2019.11.07-07.36.52:757][  0]LogConfig: Setting CVar [[r.SkeletalMeshLODBias:0]]
[2019.11.07-07.36.52:757][  0]LogConfig: Setting CVar [[r.ViewDistanceScale:1.0]]
[2019.11.07-07.36.52:757][  0]LogConfig: Applying CVar settings from Section [AntiAliasingQuality@3] File [C:/Users/jsuarez/Documents/Gameplay/BPOW/BPOW/Saved/Config/Windows/Scalability.ini]
[2019.11.07-07.36.52:757][  0]LogConfig: Setting CVar [[r.PostProcessAAQuality:4]]
[2019.11.07-07.36.52:757][  0]LogConfig: Applying CVar settings from Section [ShadowQuality@3] File [C:/Users/jsuarez/Documents/Gameplay/BPOW/BPOW/Saved/Config/Windows/Scalability.ini]
[2019.11.07-07.36.52:757][  0]LogConfig: Setting CVar [[r.LightFunctionQuality:1]]
[2019.11.07-07.36.52:757][  0]LogConfig: Setting CVar [[r.ShadowQuality:5]]
[2019.11.07-07.36.52:757][  0]LogConfig: Setting CVar [[r.Shadow.CSM.MaxCascades:10]]
[2019.11.07-07.36.52:757][  0]LogConfig: Setting CVar [[r.Shadow.MaxResolution:2048]]
[2019.11.07-07.36.52:757][  0]LogConfig: Setting CVar [[r.Shadow.MaxCSMResolution:2048]]
[2019.11.07-07.36.52:757][  0]LogConfig: Setting CVar [[r.Shadow.RadiusThreshold:0.01]]
[2019.11.07-07.36.52:757][  0]LogConfig: Setting CVar [[r.Shadow.DistanceScale:1.0]]
[2019.11.07-07.36.52:757][  0]LogConfig: Setting CVar [[r.Shadow.CSM.TransitionScale:1.0]]
[2019.11.07-07.36.52:757][  0]LogConfig: Setting CVar [[r.Shadow.PreShadowResolutionFactor:1.0]]
[2019.11.07-07.36.52:757][  0]LogConfig: Setting CVar [[r.DistanceFieldShadowing:1]]
[2019.11.07-07.36.52:757][  0]LogConfig: Setting CVar [[r.DistanceFieldAO:1]]
[2019.11.07-07.36.52:757][  0]LogConfig: Setting CVar [[r.AOQuality:2]]
[2019.11.07-07.36.52:757][  0]LogConfig: Setting CVar [[r.VolumetricFog:1]]
[2019.11.07-07.36.52:757][  0]LogConfig: Setting CVar [[r.VolumetricFog.GridPixelSize:8]]
[2019.11.07-07.36.52:757][  0]LogConfig: Setting CVar [[r.VolumetricFog.GridSizeZ:128]]
[2019.11.07-07.36.52:757][  0]LogConfig: Setting CVar [[r.VolumetricFog.HistoryMissSupersampleCount:4]]
[2019.11.07-07.36.52:757][  0]LogConfig: Setting CVar [[r.LightMaxDrawDistanceScale:1]]
[2019.11.07-07.36.52:757][  0]LogConfig: Setting CVar [[r.CapsuleShadows:1]]
[2019.11.07-07.36.52:757][  0]LogConfig: Applying CVar settings from Section [PostProcessQuality@3] File [C:/Users/jsuarez/Documents/Gameplay/BPOW/BPOW/Saved/Config/Windows/Scalability.ini]
[2019.11.07-07.36.52:757][  0]LogConfig: Setting CVar [[r.MotionBlurQuality:4]]
[2019.11.07-07.36.52:757][  0]LogConfig: Setting CVar [[r.AmbientOcclusionMipLevelFactor:0.4]]
[2019.11.07-07.36.52:757][  0]LogConfig: Setting CVar [[r.AmbientOcclusionMaxQuality:100]]
[2019.11.07-07.36.52:757][  0]LogConfig: Setting CVar [[r.AmbientOcclusionLevels:-1]]
[2019.11.07-07.36.52:757][  0]LogConfig: Setting CVar [[r.AmbientOcclusionRadiusScale:1.0]]
[2019.11.07-07.36.52:757][  0]LogConfig: Setting CVar [[r.DepthOfFieldQuality:2]]
[2019.11.07-07.36.52:757][  0]LogConfig: Setting CVar [[r.RenderTargetPoolMin:400]]
[2019.11.07-07.36.52:757][  0]LogConfig: Setting CVar [[r.LensFlareQuality:2]]
[2019.11.07-07.36.52:757][  0]LogConfig: Setting CVar [[r.SceneColorFringeQuality:1]]
[2019.11.07-07.36.52:757][  0]LogConfig: Setting CVar [[r.EyeAdaptationQuality:2]]
[2019.11.07-07.36.52:757][  0]LogConfig: Setting CVar [[r.BloomQuality:5]]
[2019.11.07-07.36.52:757][  0]LogConfig: Setting CVar [[r.FastBlurThreshold:100]]
[2019.11.07-07.36.52:757][  0]LogConfig: Setting CVar [[r.Upscale.Quality:3]]
[2019.11.07-07.36.52:757][  0]LogConfig: Setting CVar [[r.Tonemapper.GrainQuantization:1]]
[2019.11.07-07.36.52:757][  0]LogConfig: Setting CVar [[r.LightShaftQuality:1]]
[2019.11.07-07.36.52:757][  0]LogConfig: Setting CVar [[r.Filter.SizeScale:1]]
[2019.11.07-07.36.52:758][  0]LogConfig: Setting CVar [[r.Tonemapper.Quality:5]]
[2019.11.07-07.36.52:758][  0]LogConfig: Setting CVar [[r.DOF.Gather.AccumulatorQuality:1        ; higher gathering accumulator quality]]
[2019.11.07-07.36.52:758][  0]LogConfig: Setting CVar [[r.DOF.Gather.PostfilterMethod:1          ; Median3x3 postfilering method]]
[2019.11.07-07.36.52:758][  0]LogConfig: Setting CVar [[r.DOF.Gather.EnableBokehSettings:0       ; no bokeh simulation when gathering]]
[2019.11.07-07.36.52:758][  0]LogConfig: Setting CVar [[r.DOF.Gather.RingCount:4                 ; medium number of samples when gathering]]
[2019.11.07-07.36.52:758][  0]LogConfig: Setting CVar [[r.DOF.Scatter.ForegroundCompositing:1    ; additive foreground scattering]]
[2019.11.07-07.36.52:758][  0]LogConfig: Setting CVar [[r.DOF.Scatter.BackgroundCompositing:2    ; additive background scattering]]
[2019.11.07-07.36.52:758][  0]LogConfig: Setting CVar [[r.DOF.Scatter.EnableBokehSettings:1      ; bokeh simulation when scattering]]
[2019.11.07-07.36.52:758][  0]LogConfig: Setting CVar [[r.DOF.Scatter.MaxSpriteRatio:0.1         ; only a maximum of 10% of scattered bokeh]]
[2019.11.07-07.36.52:758][  0]LogConfig: Setting CVar [[r.DOF.Recombine.Quality:1                ; cheap slight out of focus]]
[2019.11.07-07.36.52:758][  0]LogConfig: Setting CVar [[r.DOF.Recombine.EnableBokehSettings:0    ; no bokeh simulation on slight out of focus]]
[2019.11.07-07.36.52:758][  0]LogConfig: Setting CVar [[r.DOF.TemporalAAQuality:1                ; more stable temporal accumulation]]
[2019.11.07-07.36.52:758][  0]LogConfig: Setting CVar [[r.DOF.Kernel.MaxForegroundRadius:0.025]]
[2019.11.07-07.36.52:758][  0]LogConfig: Setting CVar [[r.DOF.Kernel.MaxBackgroundRadius:0.025]]
[2019.11.07-07.36.52:758][  0]LogConfig: Applying CVar settings from Section [TextureQuality@3] File [C:/Users/jsuarez/Documents/Gameplay/BPOW/BPOW/Saved/Config/Windows/Scalability.ini]
[2019.11.07-07.36.52:758][  0]LogConfig: Setting CVar [[r.Streaming.MipBias:0]]
[2019.11.07-07.36.52:758][  0]LogConfig: Setting CVar [[r.Streaming.AmortizeCPUToGPUCopy:0]]
[2019.11.07-07.36.52:758][  0]LogConfig: Setting CVar [[r.Streaming.MaxNumTexturesToStreamPerFrame:0]]
[2019.11.07-07.36.52:758][  0]LogConfig: Setting CVar [[r.Streaming.Boost:1]]
[2019.11.07-07.36.52:758][  0]LogConfig: Setting CVar [[r.MaxAnisotropy:8]]
[2019.11.07-07.36.52:758][  0]LogConfig: Setting CVar [[r.Streaming.LimitPoolSizeToVRAM:0]]
[2019.11.07-07.36.52:758][  0]LogConfig: Setting CVar [[r.Streaming.PoolSize:1000]]
[2019.11.07-07.36.52:758][  0]LogConfig: Setting CVar [[r.Streaming.MaxEffectiveScreenSize:0]]
[2019.11.07-07.36.52:758][  0]LogConfig: Applying CVar settings from Section [EffectsQuality@3] File [C:/Users/jsuarez/Documents/Gameplay/BPOW/BPOW/Saved/Config/Windows/Scalability.ini]
[2019.11.07-07.36.52:758][  0]LogConfig: Setting CVar [[r.TranslucencyLightingVolumeDim:64]]
[2019.11.07-07.36.52:758][  0]LogConfig: Setting CVar [[r.RefractionQuality:2]]
[2019.11.07-07.36.52:758][  0]LogConfig: Setting CVar [[r.SSR.Quality:3]]
[2019.11.07-07.36.52:758][  0]LogConfig: Setting CVar [[r.SceneColorFormat:4]]
[2019.11.07-07.36.52:758][  0]LogConfig: Setting CVar [[r.DetailMode:2]]
[2019.11.07-07.36.52:758][  0]LogConfig: Setting CVar [[r.TranslucencyVolumeBlur:1]]
[2019.11.07-07.36.52:758][  0]LogConfig: Setting CVar [[r.MaterialQualityLevel:1 ; High quality]]
[2019.11.07-07.36.52:758][  0]LogConfig: Setting CVar [[r.SSS.Scale:1]]
[2019.11.07-07.36.52:758][  0]LogConfig: Setting CVar [[r.SSS.SampleSet:2]]
[2019.11.07-07.36.52:758][  0]LogConfig: Setting CVar [[r.SSS.Quality:1]]
[2019.11.07-07.36.52:758][  0]LogConfig: Setting CVar [[r.SSS.HalfRes:1]]
[2019.11.07-07.36.52:758][  0]LogConfig: Setting CVar [[r.EmitterSpawnRateScale:1.0]]
[2019.11.07-07.36.52:758][  0]LogConfig: Setting CVar [[r.ParticleLightQuality:2]]
[2019.11.07-07.36.52:758][  0]LogConfig: Applying CVar settings from Section [FoliageQuality@3] File [C:/Users/jsuarez/Documents/Gameplay/BPOW/BPOW/Saved/Config/Windows/Scalability.ini]
[2019.11.07-07.36.52:758][  0]LogConfig: Setting CVar [[foliage.DensityScale:1.0]]
[2019.11.07-07.36.52:758][  0]LogConfig: Setting CVar [[grass.DensityScale:1.0]]
[2019.11.07-07.36.52:758][  0]LogInit: Selected Device Profile: [Windows]
[2019.11.07-07.36.52:758][  0]LogInit: Applying CVar settings loaded from the selected device profile: [Windows]
[2019.11.07-07.36.52:784][  0]LogHAL: Display: Platform has ~ 16 GB [17113956352 / 17179869184 / 16], which maps to Larger [LargestMinGB=32, LargerMinGB=12, DefaultMinGB=8, SmallerMinGB=6, SmallestMinGB=0)
[2019.11.07-07.36.52:784][  0]LogConfig: Setting CVar [[r.Vulkan.UseRealUBs:0		; Required until we fix HLR fall-out]]
[2019.11.07-07.36.52:784][  0]LogInit: Going up to parent DeviceProfile []
[2019.11.07-07.36.52:784][  0]LogConfig: Applying CVar settings from Section [ViewDistanceQuality@3] File [C:/Users/jsuarez/Documents/Gameplay/BPOW/BPOW/Saved/Config/Windows/Scalability.ini]
[2019.11.07-07.36.52:784][  0]LogConfig: Setting CVar [[r.SkeletalMeshLODBias:0]]
[2019.11.07-07.36.52:784][  0]LogConfig: Setting CVar [[r.ViewDistanceScale:1.0]]
[2019.11.07-07.36.52:784][  0]LogConfig: Applying CVar settings from Section [AntiAliasingQuality@3] File [C:/Users/jsuarez/Documents/Gameplay/BPOW/BPOW/Saved/Config/Windows/Scalability.ini]
[2019.11.07-07.36.52:784][  0]LogConfig: Setting CVar [[r.PostProcessAAQuality:4]]
[2019.11.07-07.36.52:784][  0]LogConfig: Applying CVar settings from Section [ShadowQuality@3] File [C:/Users/jsuarez/Documents/Gameplay/BPOW/BPOW/Saved/Config/Windows/Scalability.ini]
[2019.11.07-07.36.52:784][  0]LogConfig: Setting CVar [[r.LightFunctionQuality:1]]
[2019.11.07-07.36.52:784][  0]LogConfig: Setting CVar [[r.ShadowQuality:5]]
[2019.11.07-07.36.52:784][  0]LogConfig: Setting CVar [[r.Shadow.CSM.MaxCascades:10]]
[2019.11.07-07.36.52:784][  0]LogConfig: Setting CVar [[r.Shadow.MaxResolution:2048]]
[2019.11.07-07.36.52:784][  0]LogConfig: Setting CVar [[r.Shadow.MaxCSMResolution:2048]]
[2019.11.07-07.36.52:784][  0]LogConfig: Setting CVar [[r.Shadow.RadiusThreshold:0.01]]
[2019.11.07-07.36.52:784][  0]LogConfig: Setting CVar [[r.Shadow.DistanceScale:1.0]]
[2019.11.07-07.36.52:784][  0]LogConfig: Setting CVar [[r.Shadow.CSM.TransitionScale:1.0]]
[2019.11.07-07.36.52:784][  0]LogConfig: Setting CVar [[r.Shadow.PreShadowResolutionFactor:1.0]]
[2019.11.07-07.36.52:784][  0]LogConfig: Setting CVar [[r.DistanceFieldShadowing:1]]
[2019.11.07-07.36.52:784][  0]LogConfig: Setting CVar [[r.DistanceFieldAO:1]]
[2019.11.07-07.36.52:784][  0]LogConfig: Setting CVar [[r.AOQuality:2]]
[2019.11.07-07.36.52:784][  0]LogConfig: Setting CVar [[r.VolumetricFog:1]]
[2019.11.07-07.36.52:784][  0]LogConfig: Setting CVar [[r.VolumetricFog.GridPixelSize:8]]
[2019.11.07-07.36.52:784][  0]LogConfig: Setting CVar [[r.VolumetricFog.GridSizeZ:128]]
[2019.11.07-07.36.52:784][  0]LogConfig: Setting CVar [[r.VolumetricFog.HistoryMissSupersampleCount:4]]
[2019.11.07-07.36.52:784][  0]LogConfig: Setting CVar [[r.LightMaxDrawDistanceScale:1]]
[2019.11.07-07.36.52:784][  0]LogConfig: Setting CVar [[r.CapsuleShadows:1]]
[2019.11.07-07.36.52:784][  0]LogConfig: Applying CVar settings from Section [PostProcessQuality@3] File [C:/Users/jsuarez/Documents/Gameplay/BPOW/BPOW/Saved/Config/Windows/Scalability.ini]
[2019.11.07-07.36.52:784][  0]LogConfig: Setting CVar [[r.MotionBlurQuality:4]]
[2019.11.07-07.36.52:784][  0]LogConfig: Setting CVar [[r.AmbientOcclusionMipLevelFactor:0.4]]
[2019.11.07-07.36.52:784][  0]LogConfig: Setting CVar [[r.AmbientOcclusionMaxQuality:100]]
[2019.11.07-07.36.52:784][  0]LogConfig: Setting CVar [[r.AmbientOcclusionLevels:-1]]
[2019.11.07-07.36.52:784][  0]LogConfig: Setting CVar [[r.AmbientOcclusionRadiusScale:1.0]]
[2019.11.07-07.36.52:784][  0]LogConfig: Setting CVar [[r.DepthOfFieldQuality:2]]
[2019.11.07-07.36.52:784][  0]LogConfig: Setting CVar [[r.RenderTargetPoolMin:400]]
[2019.11.07-07.36.52:784][  0]LogConfig: Setting CVar [[r.LensFlareQuality:2]]
[2019.11.07-07.36.52:784][  0]LogConfig: Setting CVar [[r.SceneColorFringeQuality:1]]
[2019.11.07-07.36.52:784][  0]LogConfig: Setting CVar [[r.EyeAdaptationQuality:2]]
[2019.11.07-07.36.52:784][  0]LogConfig: Setting CVar [[r.BloomQuality:5]]
[2019.11.07-07.36.52:784][  0]LogConfig: Setting CVar [[r.FastBlurThreshold:100]]
[2019.11.07-07.36.52:784][  0]LogConfig: Setting CVar [[r.Upscale.Quality:3]]
[2019.11.07-07.36.52:784][  0]LogConfig: Setting CVar [[r.Tonemapper.GrainQuantization:1]]
[2019.11.07-07.36.52:785][  0]LogConfig: Setting CVar [[r.LightShaftQuality:1]]
[2019.11.07-07.36.52:785][  0]LogConfig: Setting CVar [[r.Filter.SizeScale:1]]
[2019.11.07-07.36.52:785][  0]LogConfig: Setting CVar [[r.Tonemapper.Quality:5]]
[2019.11.07-07.36.52:785][  0]LogConfig: Setting CVar [[r.DOF.Gather.AccumulatorQuality:1        ; higher gathering accumulator quality]]
[2019.11.07-07.36.52:785][  0]LogConfig: Setting CVar [[r.DOF.Gather.PostfilterMethod:1          ; Median3x3 postfilering method]]
[2019.11.07-07.36.52:785][  0]LogConfig: Setting CVar [[r.DOF.Gather.EnableBokehSettings:0       ; no bokeh simulation when gathering]]
[2019.11.07-07.36.52:785][  0]LogConfig: Setting CVar [[r.DOF.Gather.RingCount:4                 ; medium number of samples when gathering]]
[2019.11.07-07.36.52:785][  0]LogConfig: Setting CVar [[r.DOF.Scatter.ForegroundCompositing:1    ; additive foreground scattering]]
[2019.11.07-07.36.52:785][  0]LogConfig: Setting CVar [[r.DOF.Scatter.BackgroundCompositing:2    ; additive background scattering]]
[2019.11.07-07.36.52:785][  0]LogConfig: Setting CVar [[r.DOF.Scatter.EnableBokehSettings:1      ; bokeh simulation when scattering]]
[2019.11.07-07.36.52:785][  0]LogConfig: Setting CVar [[r.DOF.Scatter.MaxSpriteRatio:0.1         ; only a maximum of 10% of scattered bokeh]]
[2019.11.07-07.36.52:785][  0]LogConfig: Setting CVar [[r.DOF.Recombine.Quality:1                ; cheap slight out of focus]]
[2019.11.07-07.36.52:785][  0]LogConfig: Setting CVar [[r.DOF.Recombine.EnableBokehSettings:0    ; no bokeh simulation on slight out of focus]]
[2019.11.07-07.36.52:785][  0]LogConfig: Setting CVar [[r.DOF.TemporalAAQuality:1                ; more stable temporal accumulation]]
[2019.11.07-07.36.52:785][  0]LogConfig: Setting CVar [[r.DOF.Kernel.MaxForegroundRadius:0.025]]
[2019.11.07-07.36.52:785][  0]LogConfig: Setting CVar [[r.DOF.Kernel.MaxBackgroundRadius:0.025]]
[2019.11.07-07.36.52:785][  0]LogConfig: Applying CVar settings from Section [TextureQuality@3] File [C:/Users/jsuarez/Documents/Gameplay/BPOW/BPOW/Saved/Config/Windows/Scalability.ini]
[2019.11.07-07.36.52:785][  0]LogConfig: Setting CVar [[r.Streaming.MipBias:0]]
[2019.11.07-07.36.52:785][  0]LogConfig: Setting CVar [[r.Streaming.AmortizeCPUToGPUCopy:0]]
[2019.11.07-07.36.52:785][  0]LogConfig: Setting CVar [[r.Streaming.MaxNumTexturesToStreamPerFrame:0]]
[2019.11.07-07.36.52:785][  0]LogConfig: Setting CVar [[r.Streaming.Boost:1]]
[2019.11.07-07.36.52:785][  0]LogConfig: Setting CVar [[r.MaxAnisotropy:8]]
[2019.11.07-07.36.52:785][  0]LogConfig: Setting CVar [[r.Streaming.LimitPoolSizeToVRAM:0]]
[2019.11.07-07.36.52:785][  0]LogConfig: Setting CVar [[r.Streaming.PoolSize:1000]]
[2019.11.07-07.36.52:785][  0]LogConfig: Setting CVar [[r.Streaming.MaxEffectiveScreenSize:0]]
[2019.11.07-07.36.52:785][  0]LogConfig: Applying CVar settings from Section [EffectsQuality@3] File [C:/Users/jsuarez/Documents/Gameplay/BPOW/BPOW/Saved/Config/Windows/Scalability.ini]
[2019.11.07-07.36.52:785][  0]LogConfig: Setting CVar [[r.TranslucencyLightingVolumeDim:64]]
[2019.11.07-07.36.52:785][  0]LogConfig: Setting CVar [[r.RefractionQuality:2]]
[2019.11.07-07.36.52:785][  0]LogConfig: Setting CVar [[r.SSR.Quality:3]]
[2019.11.07-07.36.52:785][  0]LogConfig: Setting CVar [[r.SceneColorFormat:4]]
[2019.11.07-07.36.52:785][  0]LogConfig: Setting CVar [[r.DetailMode:2]]
[2019.11.07-07.36.52:785][  0]LogConfig: Setting CVar [[r.TranslucencyVolumeBlur:1]]
[2019.11.07-07.36.52:785][  0]LogConfig: Setting CVar [[r.MaterialQualityLevel:1 ; High quality]]
[2019.11.07-07.36.52:785][  0]LogConfig: Setting CVar [[r.SSS.Scale:1]]
[2019.11.07-07.36.52:785][  0]LogConfig: Setting CVar [[r.SSS.SampleSet:2]]
[2019.11.07-07.36.52:785][  0]LogConfig: Setting CVar [[r.SSS.Quality:1]]
[2019.11.07-07.36.52:785][  0]LogConfig: Setting CVar [[r.SSS.HalfRes:1]]
[2019.11.07-07.36.52:785][  0]LogConfig: Setting CVar [[r.EmitterSpawnRateScale:1.0]]
[2019.11.07-07.36.52:785][  0]LogConfig: Setting CVar [[r.ParticleLightQuality:2]]
[2019.11.07-07.36.52:785][  0]LogConfig: Applying CVar settings from Section [FoliageQuality@3] File [C:/Users/jsuarez/Documents/Gameplay/BPOW/BPOW/Saved/Config/Windows/Scalability.ini]
[2019.11.07-07.36.52:785][  0]LogConfig: Setting CVar [[foliage.DensityScale:1.0]]
[2019.11.07-07.36.52:785][  0]LogConfig: Setting CVar [[grass.DensityScale:1.0]]
[2019.11.07-07.36.52:785][  0]LogConfig: Applying CVar settings from Section [Startup] File [../../../Engine/Config/ConsoleVariables.ini]
[2019.11.07-07.36.52:786][  0]LogConfig: Setting CVar [[net.UseAdaptiveNetUpdateFrequency:0]]
[2019.11.07-07.36.52:786][  0]LogConfig: Setting CVar [[p.chaos.AllowCreatePhysxBodies:1]]
[2019.11.07-07.36.52:786][  0]LogConfig: Applying CVar settings from Section [ConsoleVariables] File [C:/Users/jsuarez/Documents/Gameplay/BPOW/BPOW/Saved/Config/Windows/Engine.ini]
[2019.11.07-07.36.52:786][  0]LogInit: Computer: S2-00
[2019.11.07-07.36.52:786][  0]LogInit: User: jsuarez
[2019.11.07-07.36.52:786][  0]LogInit: CPU Page size=4096, Cores=6
[2019.11.07-07.36.52:786][  0]LogInit: High frequency timer resolution =10.000000 MHz
[2019.11.07-07.36.52:786][  0]LogMemory: Memory total: Physical=15.9GB (16GB approx)
[2019.11.07-07.36.52:786][  0]LogMemory: Platform Memory Stats for Windows
[2019.11.07-07.36.52:786][  0]LogMemory: Process Physical Memory: 98.44 MB used, 98.44 MB peak
[2019.11.07-07.36.52:786][  0]LogMemory: Process Virtual Memory: 89.77 MB used, 89.77 MB peak
[2019.11.07-07.36.52:786][  0]LogMemory: Physical Memory: 4342.26 MB used,  11978.88 MB free, 16321.14 MB total
[2019.11.07-07.36.52:786][  0]LogMemory: Virtual Memory: 4674.66 MB used,  134213056.00 MB free, 134217728.00 MB total
[2019.11.07-07.36.52:826][  0]LogInit: Using OS detected language (en-US).
[2019.11.07-07.36.52:826][  0]LogInit: Using OS detected locale (es-ES).
[2019.11.07-07.36.52:828][  0]LogTextLocalizationManager: No specific localization for 'en-US' exists, so the 'en' localization will be used.
[2019.11.07-07.36.53:012][  0]LogInit: Setting process to per monitor DPI aware
[2019.11.07-07.36.53:069][  0]LogSlate: New Slate User Created.  User Index 0, Is Virtual User: 0
[2019.11.07-07.36.53:069][  0]LogSlate: Slate User Registered.  User Index 0, Is Virtual User: 0
[2019.11.07-07.36.53:460][  0]LogHMD: Failed to initialize OpenVR with code 110
[2019.11.07-07.36.53:460][  0]LogD3D11RHI: D3D11 adapters:
[2019.11.07-07.36.53:541][  0]LogD3D11RHI:    0. 'NVIDIA GeForce GTX 1060 3GB' (Feature Level 11_0)
[2019.11.07-07.36.53:542][  0]LogD3D11RHI:       2988/0/8160 MB DedicatedVideo/DedicatedSystem/SharedSystem, Outputs:1, VendorId:0x10de
[2019.11.07-07.36.53:545][  0]LogD3D11RHI:    1. 'Microsoft Basic Render Driver' (Feature Level 11_0)
[2019.11.07-07.36.53:545][  0]LogD3D11RHI:       0/0/8160 MB DedicatedVideo/DedicatedSystem/SharedSystem, Outputs:0, VendorId:0x1414
[2019.11.07-07.36.53:545][  0]LogD3D11RHI: Chosen D3D11 Adapter: 0
[2019.11.07-07.36.53:552][  0]LogD3D11RHI: Creating new Direct3DDevice
[2019.11.07-07.36.53:552][  0]LogD3D11RHI:     GPU DeviceId: 0x1c02 (for the marketing name, search the web for "GPU Device Id")
[2019.11.07-07.36.53:552][  0]LogWindows: EnumDisplayDevices:
[2019.11.07-07.36.53:552][  0]LogWindows:    0. 'NVIDIA GeForce GTX 1060 3GB' (P:1 D:1)
[2019.11.07-07.36.53:553][  0]LogWindows:    1. 'NVIDIA GeForce GTX 1060 3GB' (P:0 D:0)
[2019.11.07-07.36.53:553][  0]LogWindows:    2. 'NVIDIA GeForce GTX 1060 3GB' (P:0 D:0)
[2019.11.07-07.36.53:553][  0]LogWindows:    3. 'NVIDIA GeForce GTX 1060 3GB' (P:0 D:0)
[2019.11.07-07.36.53:553][  0]LogWindows: DebugString: FoundDriverCount:4 
[2019.11.07-07.36.53:553][  0]LogD3D11RHI:     Adapter Name: NVIDIA GeForce GTX 1060 3GB
[2019.11.07-07.36.53:553][  0]LogD3D11RHI:   Driver Version: 399.24 (internal:24.21.13.9924, unified:399.24)
[2019.11.07-07.36.53:553][  0]LogD3D11RHI:      Driver Date: 9-5-2018
[2019.11.07-07.36.53:553][  0]LogRHI: Texture pool is 2091 MB (70% of 2988 MB)
[2019.11.07-07.36.53:609][  0]LogD3D11RHI: Async texture creation enabled
[2019.11.07-07.36.53:613][  0]LogRendererCore: FGlobalReadBuffer::InitRHI
[2019.11.07-07.36.53:613][  0]LogRendererCore: FGlobalReadBuffer::InitRHI
[2019.11.07-07.36.53:613][  0]LogRendererCore: FGlobalReadBuffer::InitRHI
[2019.11.07-07.36.53:627][  0]LogD3D11RHI: GPU Timing Frequency: 1000.000000 (Debug: 2 2)
[2019.11.07-07.36.54:027][  0]LogTemp: Display: Module 'AllDesktopTargetPlatform' loaded TargetPlatform 'AllDesktop'
[2019.11.07-07.36.54:049][  0]LogTemp: Display: Module 'MacClientTargetPlatform' loaded TargetPlatform 'MacClient'
[2019.11.07-07.36.54:071][  0]LogTemp: Display: Module 'MacNoEditorTargetPlatform' loaded TargetPlatform 'MacNoEditor'
[2019.11.07-07.36.54:093][  0]LogTemp: Display: Module 'MacServerTargetPlatform' loaded TargetPlatform 'MacServer'
[2019.11.07-07.36.54:116][  0]LogTemp: Display: Module 'MacTargetPlatform' loaded TargetPlatform 'Mac'
[2019.11.07-07.36.54:137][  0]LogTemp: Display: Module 'WindowsClientTargetPlatform' loaded TargetPlatform 'WindowsClient'
[2019.11.07-07.36.54:160][  0]LogTemp: Display: Module 'WindowsNoEditorTargetPlatform' loaded TargetPlatform 'WindowsNoEditor'
[2019.11.07-07.36.54:181][  0]LogTemp: Display: Module 'WindowsServerTargetPlatform' loaded TargetPlatform 'WindowsServer'
[2019.11.07-07.36.54:192][  0]LogTemp: Display: Module 'WindowsTargetPlatform' loaded TargetPlatform 'Windows'
[2019.11.07-07.36.54:326][  0]LogTemp: Display: Module 'AndroidTargetPlatform' loaded TargetPlatform 'Android'
[2019.11.07-07.36.54:326][  0]LogTemp: Display: Module 'AndroidTargetPlatform' loaded TargetPlatform 'Android_ASTC'
[2019.11.07-07.36.54:326][  0]LogTemp: Display: Module 'AndroidTargetPlatform' loaded TargetPlatform 'Android_ATC'
[2019.11.07-07.36.54:326][  0]LogTemp: Display: Module 'AndroidTargetPlatform' loaded TargetPlatform 'Android_DXT'
[2019.11.07-07.36.54:326][  0]LogTemp: Display: Module 'AndroidTargetPlatform' loaded TargetPlatform 'Android_ETC1'
[2019.11.07-07.36.54:326][  0]LogTemp: Display: Module 'AndroidTargetPlatform' loaded TargetPlatform 'Android_ETC1a'
[2019.11.07-07.36.54:326][  0]LogTemp: Display: Module 'AndroidTargetPlatform' loaded TargetPlatform 'Android_ETC2'
[2019.11.07-07.36.54:326][  0]LogTemp: Display: Module 'AndroidTargetPlatform' loaded TargetPlatform 'Android_PVRTC'
[2019.11.07-07.36.54:326][  0]LogTemp: Display: Module 'AndroidTargetPlatform' loaded TargetPlatform 'AndroidClient'
[2019.11.07-07.36.54:326][  0]LogTemp: Display: Module 'AndroidTargetPlatform' loaded TargetPlatform 'Android_ASTCClient'
[2019.11.07-07.36.54:326][  0]LogTemp: Display: Module 'AndroidTargetPlatform' loaded TargetPlatform 'Android_ATCClient'
[2019.11.07-07.36.54:326][  0]LogTemp: Display: Module 'AndroidTargetPlatform' loaded TargetPlatform 'Android_DXTClient'
[2019.11.07-07.36.54:326][  0]LogTemp: Display: Module 'AndroidTargetPlatform' loaded TargetPlatform 'Android_ETC1Client'
[2019.11.07-07.36.54:326][  0]LogTemp: Display: Module 'AndroidTargetPlatform' loaded TargetPlatform 'Android_ETC1aClient'
[2019.11.07-07.36.54:326][  0]LogTemp: Display: Module 'AndroidTargetPlatform' loaded TargetPlatform 'Android_ETC2Client'
[2019.11.07-07.36.54:326][  0]LogTemp: Display: Module 'AndroidTargetPlatform' loaded TargetPlatform 'Android_PVRTCClient'
[2019.11.07-07.36.54:326][  0]LogTemp: Display: Module 'AndroidTargetPlatform' loaded TargetPlatform 'Android_Multi'
[2019.11.07-07.36.54:326][  0]LogTemp: Display: Module 'AndroidTargetPlatform' loaded TargetPlatform 'Android_MultiClient'
[2019.11.07-07.36.54:332][  0]LogTemp: Display: Module 'HTML5TargetPlatform' loaded TargetPlatform 'HTML5'
[2019.11.07-07.36.54:399][  0]LogTemp: Display: Module 'IOSTargetPlatform' loaded TargetPlatform 'IOSClient'
[2019.11.07-07.36.54:399][  0]LogTemp: Display: Module 'IOSTargetPlatform' loaded TargetPlatform 'IOS'
[2019.11.07-07.36.54:437][  0]LogTemp: Display: Module 'TVOSTargetPlatform' loaded TargetPlatform 'TVOSClient'
[2019.11.07-07.36.54:437][  0]LogTemp: Display: Module 'TVOSTargetPlatform' loaded TargetPlatform 'TVOS'
[2019.11.07-07.36.54:458][  0]LogTemp: Display: Module 'LinuxClientTargetPlatform' loaded TargetPlatform 'LinuxClient'
[2019.11.07-07.36.54:478][  0]LogTemp: Display: Module 'LinuxNoEditorTargetPlatform' loaded TargetPlatform 'LinuxNoEditor'
[2019.11.07-07.36.54:498][  0]LogTemp: Display: Module 'LinuxServerTargetPlatform' loaded TargetPlatform 'LinuxServer'
[2019.11.07-07.36.54:520][  0]LogTemp: Display: Module 'LinuxTargetPlatform' loaded TargetPlatform 'Linux'
[2019.11.07-07.36.54:590][  0]LogTemp: Display: Module 'LuminTargetPlatform' loaded TargetPlatform 'Lumin'
[2019.11.07-07.36.54:590][  0]LogTemp: Display: Module 'LuminTargetPlatform' loaded TargetPlatform 'LuminClient'
[2019.11.07-07.36.54:591][  0]LogTargetPlatformManager: Display: Building Assets For Windows
[2019.11.07-07.36.54:605][  0]LogAudioDebug: Display: Lib vorbis DLL was dynamically loaded.
[2019.11.07-07.36.54:708][  0]LogShaderCompilers: Guid format shader working directory is -13 characters bigger than the processId version (../../../../../../Users/jsuarez/Documents/Gameplay/BPOW/BPOW/Intermediate/Shaders/WorkingDirectory/10232/).
[2019.11.07-07.36.54:708][  0]LogShaderCompilers: Cleaned the shader compiler working directory 'C:/Users/jsuarez/AppData/Local/Temp/UnrealShaderWorkingDir/8120BD5245EBC1E32B4F3E8ED4FCD5DF/'.
[2019.11.07-07.36.54:711][  0]LogXGEController: Cannot use XGE Controller as Incredibuild is not installed on this machine.
[2019.11.07-07.36.54:711][  0]LogShaderCompilers: Cannot use XGE Shader Compiler as Incredibuild is not installed on this machine.
[2019.11.07-07.36.54:711][  0]LogShaderCompilers: Display: Using Local Shader Compiler.
[2019.11.07-07.36.55:363][  0]LogDerivedDataCache: Display: Max Cache Size: 512 MB
[2019.11.07-07.36.55:405][  0]LogDerivedDataCache: Loaded boot cache 0.04s 71MB C:/Users/jsuarez/AppData/Local/UnrealEngine/4.22/DerivedDataCache/Boot.ddc.
[2019.11.07-07.36.55:406][  0]LogDerivedDataCache: Display: Loaded Boot cache: C:/Users/jsuarez/AppData/Local/UnrealEngine/4.22/DerivedDataCache/Boot.ddc
[2019.11.07-07.36.55:406][  0]LogDerivedDataCache: FDerivedDataBackendGraph:  Pak pak cache file ../../../../../../Users/jsuarez/Documents/Gameplay/BPOW/BPOW/DerivedDataCache/DDC.ddp not found, will not use a pak cache.
[2019.11.07-07.36.55:406][  0]LogDerivedDataCache: Unable to find inner node Pak for hierarchical cache Hierarchy.
[2019.11.07-07.36.55:406][  0]LogDerivedDataCache: FDerivedDataBackendGraph:  CompressedPak pak cache file ../../../../../../Users/jsuarez/Documents/Gameplay/BPOW/BPOW/DerivedDataCache/Compressed.ddp not found, will not use a pak cache.
[2019.11.07-07.36.55:406][  0]LogDerivedDataCache: Unable to find inner node CompressedPak for hierarchical cache Hierarchy.
[2019.11.07-07.36.55:421][  0]LogDerivedDataCache: Display: Pak cache opened for reading ../../../Engine/DerivedDataCache/Compressed.ddp.
[2019.11.07-07.36.55:426][  0]LogDerivedDataCache: Display: Pak cache opened for reading ../../../Enterprise/DerivedDataCache/Compressed.ddp.
[2019.11.07-07.36.55:438][  0]LogDerivedDataCache: Using Local data cache path C:/Users/jsuarez/AppData/Local/UnrealEngine/Common/DerivedDataCache: Writable
[2019.11.07-07.36.55:438][  0]LogDerivedDataCache: Shared data cache path not found in *engine.ini, will not use an Shared cache.
[2019.11.07-07.36.55:438][  0]LogDerivedDataCache: Unable to find inner node Shared for hierarchical cache Hierarchy.
[2019.11.07-07.36.55:465][  0]LogMaterial: Verifying Global Shaders for PCD3D_SM5
[2019.11.07-07.36.55:466][  0]LogSlate: Using FreeType 2.6.0
[2019.11.07-07.36.55:467][  0]LogSlate: SlateFontServices - WITH_FREETYPE: 1, WITH_HARFBUZZ: 1
[2019.11.07-07.36.55:593][  0]LogAssetRegistry: FAssetRegistry took 0.0407 seconds to start up
[2019.11.07-07.36.56:178][  0]LogInit: Selected Device Profile: [Windows]
[2019.11.07-07.36.56:364][  0]LogMeshReduction: Using QuadricMeshReduction for automatic static mesh reduction
[2019.11.07-07.36.56:365][  0]LogMeshReduction: Using SimplygonMeshReduction for automatic skeletal mesh reduction
[2019.11.07-07.36.56:365][  0]LogMeshReduction: Using ProxyLODMeshReduction for automatic mesh merging
[2019.11.07-07.36.56:365][  0]LogMeshReduction: No distributed automatic mesh merging module available
[2019.11.07-07.36.56:365][  0]LogMeshMerging: No distributed automatic mesh merging module available
[2019.11.07-07.36.56:380][  0]LogNetVersion: BPOW 1.0.0, NetCL: 5660361, EngineNetVer: 10, GameNetVer: 0 (Checksum: 1085844810)
[2019.11.07-07.36.56:951][  0]LogPackageLocalizationCache: Processed 10 localized package path(s) for 1 prioritized culture(s) in 0.070371 seconds
[2019.11.07-07.36.56:960][  0]LogUObjectArray: 42205 objects as part of root set at end of initial load.
[2019.11.07-07.36.56:960][  0]LogUObjectAllocator: 7325032 out of 0 bytes used by permanent object pool.
[2019.11.07-07.36.56:960][  0]LogUObjectArray: CloseDisregardForGC: 0/0 objects in disregard for GC pool
[2019.11.07-07.36.58:273][  0]LogTcpMessaging: Initializing TcpMessaging bridge
[2019.11.07-07.36.58:289][  0]LogUdpMessaging: Initializing bridge on interface 0.0.0.0:0 to multicast group 230.0.0.1:6666.
[2019.11.07-07.36.58:430][  0]SourceControl: Source control is disabled
[2019.11.07-07.36.58:430][  0]SourceControl: Source control is disabled
[2019.11.07-07.36.58:432][  0]SourceControl: Source control is disabled
[2019.11.07-07.36.58:434][  0]SourceControl: Source control is disabled
[2019.11.07-07.36.58:605][  0]LogAndroidPermission: UAndroidPermissionCallbackProxy::GetInstance
[2019.11.07-07.36.58:728][  0]LogOcInput: OculusInput pre-init called
[2019.11.07-07.36.59:789][  0]LogEngine: Initializing Engine...
[2019.11.07-07.36.59:791][  0]LogHMD: Failed to initialize OpenVR with code 110
[2019.11.07-07.36.59:793][  0]LogStats: UGameplayTagsManager::InitializeManager -  0.001 s
[2019.11.07-07.37.00:043][  0]LogInit: Initializing FReadOnlyCVARCache
[2019.11.07-07.37.00:060][  0]LogAIModule: Creating AISystem for world Untitled
[2019.11.07-07.37.00:086][  0]LogInit: XAudio2 using 'EPSON PJ (NVIDIA High Definition Audio)' : 2 channels at 48 kHz using 16 bits per sample (channel mask 0x3)
[2019.11.07-07.37.00:130][  0]LogInit: FAudioDevice initialized.
[2019.11.07-07.37.00:130][  0]LogNetVersion: Set ProjectVersion to 1.0.0.0. Version Checksum will be recalculated on next use.
[2019.11.07-07.37.00:224][  0]LogDerivedDataCache: Saved boot cache 0.09s 71MB C:/Users/jsuarez/AppData/Local/UnrealEngine/4.22/DerivedDataCache/Boot.ddc.
[2019.11.07-07.37.00:231][  0]LogInit: Texture streaming: Enabled
[2019.11.07-07.37.00:260][  0]LogEngineSessionManager: EngineSessionManager initialized
[2019.11.07-07.37.00:300][  0]LogInit: Transaction tracking system initialized
[2019.11.07-07.37.00:338][  0]BlueprintLog: New page: Editor Load
[2019.11.07-07.37.00:460][  0]LocalizationService: Localization service is disabled
[2019.11.07-07.37.00:960][  0]LogFileCache: Scanning file cache for directory 'C:/Users/jsuarez/Documents/Gameplay/BPOW/BPOW/Content/' took 0.03s
[2019.11.07-07.37.00:960][  0]LogCook: Display: Max memory allowance for cook 16384mb min free memory 0mb
[2019.11.07-07.37.00:961][  0]LogCook: Display: Mobile HDR setting 1
[2019.11.07-07.37.01:246][  0]SourceControl: Source control is disabled
[2019.11.07-07.37.01:246][  0]Cmd: MAP LOAD FILE="../../../../../../Users/jsuarez/Documents/Gameplay/BPOW/BPOW/Content/FirstPersonBP/Maps/FirstPersonExampleMap.umap" TEMPLATE=0 SHOWPROGRESS=1 FEATURELEVEL=3
[2019.11.07-07.37.01:252][  0]LightingResults: New page: Lighting Build
[2019.11.07-07.37.01:255][  0]MapCheck: New page: Map Check
[2019.11.07-07.37.01:255][  0]LightingResults: New page: Lighting Build
[2019.11.07-07.37.01:294][  0]LogUObjectHash: Compacting FUObjectHashTables data took   2.20ms
[2019.11.07-07.37.01:998][  0]LogLinker: Warning: Can't find file '/Game/FirstPersonBP/Maps/FirstPersonExampleMap_BuiltData'
[2019.11.07-07.37.01:999][  0]LogLinker: Warning: Can't find file for asset '/Game/FirstPersonBP/Maps/FirstPersonExampleMap_BuiltData' while loading NULL.
[2019.11.07-07.37.02:020][  0]LogLinker: Warning: Can't find file '/Game/FirstPersonBP/Maps/FirstPersonExampleMap_BuiltData'
[2019.11.07-07.37.02:020][  0]LogLinker: Warning: Can't find file for asset '/Game/FirstPersonBP/Maps/FirstPersonExampleMap_BuiltData' while loading NULL.
[2019.11.07-07.37.02:034][  0]LogLinker: Warning: Can't find file '/Game/FirstPersonBP/Maps/FirstPersonExampleMap_BuiltData'
[2019.11.07-07.37.02:035][  0]LogLinker: Warning: Can't find file for asset '/Game/FirstPersonBP/Maps/FirstPersonExampleMap_BuiltData' while loading NULL.
[2019.11.07-07.37.02:036][  0]LogLinker: Warning: Can't find file '/Game/FirstPersonBP/Maps/FirstPersonExampleMap_BuiltData'
[2019.11.07-07.37.02:036][  0]LogLinker: Warning: Can't find file for asset '/Game/FirstPersonBP/Maps/FirstPersonExampleMap_BuiltData' while loading NULL.
[2019.11.07-07.37.02:066][  0]LogLinker: Warning: Can't find file '/Game/FirstPersonBP/Maps/FirstPersonExampleMap_BuiltData'
[2019.11.07-07.37.02:066][  0]LoadErrors: Failed to load /Game/FirstPersonBP/Maps/FirstPersonExampleMap_BuiltData.FirstPersonExampleMap_BuiltData Referenced by PersistentLevel
[2019.11.07-07.37.02:067][  0]LogLinker: Warning: Can't find file for asset '/Game/FirstPersonBP/Maps/FirstPersonExampleMap_BuiltData' while loading NULL.
[2019.11.07-07.37.02:230][  0]LogAIModule: Creating AISystem for world FirstPersonExampleMap
[2019.11.07-07.37.02:250][  0]LogEditorServer: Finished looking for orphan Actors (0.000 secs)
[2019.11.07-07.37.02:290][  0]LogUObjectHash: Compacting FUObjectHashTables data took   2.54ms
[2019.11.07-07.37.02:290][  0]Cmd: MAP CHECKDEP NOCLEARLOG
[2019.11.07-07.37.02:290][  0]MapCheck: Map check complete: 0 Error(s), 0 Warning(s), took 0,365ms to complete.
[2019.11.07-07.37.02:290][  0]LogFileHelpers: Loading map 'FirstPersonExampleMap' took 1.043
[2019.11.07-07.37.02:454][  0]LogSlate: Updating window title bar state: overlay mode, drag disabled, window buttons hidden, title bar hidden
[2019.11.07-07.37.02:464][  0]LogSlate: Updating window title bar state: overlay mode, drag disabled, window buttons hidden, title bar hidden
[2019.11.07-07.37.02:473][  0]LogSlate: Updating window title bar state: overlay mode, drag disabled, window buttons hidden, title bar hidden
[2019.11.07-07.37.02:481][  0]LogSlate: Updating window title bar state: overlay mode, drag disabled, window buttons hidden, title bar hidden
[2019.11.07-07.37.02:501][  0]LogCollectionManager: Loaded 0 collections in 0.002231 seconds
[2019.11.07-07.37.02:568][  0]LogFileCache: Scanning file cache for directory 'C:/Users/jsuarez/Documents/Gameplay/BPOW/BPOW/Saved/Collections/' took 0.01s
[2019.11.07-07.37.02:569][  0]LogFileCache: Scanning file cache for directory 'C:/Users/jsuarez/Documents/Gameplay/BPOW/BPOW/Content/Developers/jsuarez/Collections/' took 0.01s
[2019.11.07-07.37.02:569][  0]LogFileCache: Scanning file cache for directory 'C:/Users/jsuarez/Documents/Gameplay/BPOW/BPOW/Content/Collections/' took 0.01s
[2019.11.07-07.37.02:569][  0]LogCollectionManager: Rebuilt the GUID cache for 0 collections in 0.000000 seconds
[2019.11.07-07.37.02:585][  0]LogContentBrowser: Native class hierarchy populated in 0.0147 seconds. Added 2732 classes and 659 folders.
[2019.11.07-07.37.02:603][  0]LogContentBrowser: Native class hierarchy updated for 'WidgetCarousel' in 0.0005 seconds. Added 0 classes and 0 folders.
[2019.11.07-07.37.02:616][  0]LogPakFile: Registered encryption key '00000000000000000000000000000000': 0 pak files mounted, 0 remain pending
[2019.11.07-07.37.02:629][  0]LogPakFile: Registered encryption key '00000000000000000000000000000000': 0 pak files mounted, 0 remain pending
[2019.11.07-07.37.02:656][  0]LogPakFile: Registered encryption key '00000000000000000000000000000000': 0 pak files mounted, 0 remain pending
[2019.11.07-07.37.02:672][  0]LogPakFile: Registered encryption key '00000000000000000000000000000000': 0 pak files mounted, 0 remain pending
[2019.11.07-07.37.02:681][  0]LogPakFile: Registered encryption key '00000000000000000000000000000000': 0 pak files mounted, 0 remain pending
[2019.11.07-07.37.02:689][  0]LogPakFile: Registered encryption key '00000000000000000000000000000000': 0 pak files mounted, 0 remain pending
[2019.11.07-07.37.02:697][  0]LogPakFile: Registered encryption key '00000000000000000000000000000000': 0 pak files mounted, 0 remain pending
[2019.11.07-07.37.02:705][  0]LogPakFile: Registered encryption key '00000000000000000000000000000000': 0 pak files mounted, 0 remain pending
[2019.11.07-07.37.02:713][  0]LogPakFile: Registered encryption key '00000000000000000000000000000000': 0 pak files mounted, 0 remain pending
[2019.11.07-07.37.02:723][  0]LogPakFile: Registered encryption key '00000000000000000000000000000000': 0 pak files mounted, 0 remain pending
[2019.11.07-07.37.02:731][  0]LogPakFile: Registered encryption key '00000000000000000000000000000000': 0 pak files mounted, 0 remain pending
[2019.11.07-07.37.02:740][  0]LogPakFile: Registered encryption key '00000000000000000000000000000000': 0 pak files mounted, 0 remain pending
[2019.11.07-07.37.02:750][  0]LogPakFile: Registered encryption key '00000000000000000000000000000000': 0 pak files mounted, 0 remain pending
[2019.11.07-07.37.02:760][  0]LogPakFile: Registered encryption key '00000000000000000000000000000000': 0 pak files mounted, 0 remain pending
[2019.11.07-07.37.02:768][  0]LogPakFile: Registered encryption key '00000000000000000000000000000000': 0 pak files mounted, 0 remain pending
[2019.11.07-07.37.02:777][  0]LogPakFile: Registered encryption key '00000000000000000000000000000000': 0 pak files mounted, 0 remain pending
[2019.11.07-07.37.02:822][  0]LogPakFile: Registered encryption key '00000000000000000000000000000000': 0 pak files mounted, 0 remain pending
[2019.11.07-07.37.02:833][  0]LogPakFile: Registered encryption key '00000000000000000000000000000000': 0 pak files mounted, 0 remain pending
[2019.11.07-07.37.02:843][  0]LogPakFile: Registered encryption key '00000000000000000000000000000000': 0 pak files mounted, 0 remain pending
[2019.11.07-07.37.02:854][  0]LogPakFile: Registered encryption key '00000000000000000000000000000000': 0 pak files mounted, 0 remain pending
[2019.11.07-07.37.02:865][  0]LogPakFile: Registered encryption key '00000000000000000000000000000000': 0 pak files mounted, 0 remain pending
[2019.11.07-07.37.02:874][  0]LogPakFile: Registered encryption key '00000000000000000000000000000000': 0 pak files mounted, 0 remain pending
[2019.11.07-07.37.02:883][  0]LogPakFile: Registered encryption key '00000000000000000000000000000000': 0 pak files mounted, 0 remain pending
[2019.11.07-07.37.02:891][  0]LogPakFile: Registered encryption key '00000000000000000000000000000000': 0 pak files mounted, 0 remain pending
[2019.11.07-07.37.02:900][  0]LogPakFile: Registered encryption key '00000000000000000000000000000000': 0 pak files mounted, 0 remain pending
[2019.11.07-07.37.02:910][  0]LogPakFile: Registered encryption key '00000000000000000000000000000000': 0 pak files mounted, 0 remain pending
[2019.11.07-07.37.02:918][  0]LogPakFile: Registered encryption key '00000000000000000000000000000000': 0 pak files mounted, 0 remain pending
[2019.11.07-07.37.02:931][  0]LogPakFile: Registered encryption key '00000000000000000000000000000000': 0 pak files mounted, 0 remain pending
[2019.11.07-07.37.03:186][  0]LogContentBrowser: Native class hierarchy updated for 'AddContentDialog' in 0.0004 seconds. Added 0 classes and 0 folders.
[2019.11.07-07.37.03:215][  0]LogContentBrowser: Native class hierarchy updated for 'SceneOutliner' in 0.0004 seconds. Added 1 classes and 2 folders.
[2019.11.07-07.37.03:292][  0]LogSlate: Took 0.000416 seconds to synchronously load lazily loaded font '../../../Engine/Content/Slate/Fonts/Roboto-Regular.ttf' (155K)
[2019.11.07-07.37.03:295][  0]LogSlate: Took 0.000351 seconds to synchronously load lazily loaded font '../../../Engine/Content/Slate/Fonts/Roboto-Bold.ttf' (160K)
[2019.11.07-07.37.03:315][  0]LogSlate: Took 0.012683 seconds to synchronously load lazily loaded font '../../../Engine/Content/Editor/Slate/Fonts/FontAwesome.ttf' (139K)
[2019.11.07-07.37.03:448][  0]LogRenderer: Reallocating scene render targets to support 1136x488 Format 10 NumSamples 1 (Frame:1).
[2019.11.07-07.37.03:633][  0]LogContentBrowser: Native class hierarchy updated for 'HierarchicalLODOutliner' in 0.0005 seconds. Added 0 classes and 0 folders.
[2019.11.07-07.37.03:633][  0]LogLoad: (Engine Initialization) Total time: 14.85 seconds
[2019.11.07-07.37.03:633][  0]LogLoad: (Engine Initialization) Total Blueprint compile time: 0.00 seconds
[2019.11.07-07.37.03:667][  0]LogContentStreaming: Texture pool size now 1000 MB
[2019.11.07-07.37.03:670][  0]LogSlate: FSceneViewport::OnFocusLost() reason 2
[2019.11.07-07.37.03:747][  0]LogSlate: Took 0.013842 seconds to synchronously load lazily loaded font '../../../Engine/Content/Slate/Fonts/Roboto-Light.ttf' (167K)
[2019.11.07-07.37.06:304][294]LogSlate: Window 'Message Log' being destroyed
[2019.11.07-07.37.06:308][294]LogSlate: Window 'Message Log' being destroyed
[2019.11.07-07.37.07:730][464]LogEditorViewport: Clicking on Actor (LMB): Soldier97_C (Soldier97)
[2019.11.07-07.37.09:071][571]LogAssetRegistry: Asset discovery search completed in 13.4871 seconds
[2019.11.07-07.37.09:074][571]LogCollectionManager: Rebuilt the object cache for 0 collections in 0.000001 seconds (found 0 objects)
[2019.11.07-07.37.09:074][571]LogCollectionManager: Fixed up redirectors for 0 collections in 0.000087 seconds (updated 0 objects)
[2019.11.07-07.37.09:276][592]LogSlate: FSceneViewport::OnFocusLost() reason 0
[2019.11.07-07.37.16:640][306]LogSlate: Took 0.000352 seconds to synchronously load lazily loaded font '../../../Engine/Content/Slate/Fonts/Roboto-Light.ttf' (167K)
[2019.11.07-07.37.19:065][551]LogSlate: Window 'Failed Renames' being destroyed
[2019.11.07-07.37.20:157][639]LogAssetEditorManager: Opening Asset editor for WidgetBlueprint /Game/FirstPersonBP/Blueprints/User.User
[2019.11.07-07.37.20:475][639]LogEnum: Warning: Enum name collision: 'HeroEnum::NewEnumerator0' is in both '/Game/Blueprints/HeroEnum.HeroEnum' and '/Game/GameplayData/HeroEnum.HeroEnum'
[2019.11.07-07.37.20:475][639]LogEnum: Warning: Enum name collision: 'HeroEnum::NewEnumerator1' is in both '/Game/Blueprints/HeroEnum.HeroEnum' and '/Game/GameplayData/HeroEnum.HeroEnum'
[2019.11.07-07.37.20:475][639]LogEnum: Warning: Enum name collision: 'HeroEnum::HeroEnum_MAX' is in both '/Game/Blueprints/HeroEnum.HeroEnum' and '/Game/GameplayData/HeroEnum.HeroEnum'
[2019.11.07-07.37.20:475][639]LogEnum: Warning: Enum name collision: 'HeroEnum::NewEnumerator0' is in both '/Game/Blueprints/HeroEnum.HeroEnum' and '/Game/GameplayData/HeroEnum.HeroEnum'
[2019.11.07-07.37.20:475][639]LogEnum: Warning: Enum name collision: 'HeroEnum::NewEnumerator1' is in both '/Game/Blueprints/HeroEnum.HeroEnum' and '/Game/GameplayData/HeroEnum.HeroEnum'
[2019.11.07-07.37.20:512][639]LogContentBrowser: Native class hierarchy updated for 'BlueprintGraph' in 0.0008 seconds. Added 121 classes and 0 folders.
[2019.11.07-07.37.21:486][639]LogBlueprintActionDatabase: Requesting refresh due to module change: SequencerWidgets (loaded)
[2019.11.07-07.37.21:961][639]LogSlate: Took 0.007339 seconds to synchronously load lazily loaded font '../../../Engine/Content/Slate/Fonts/Roboto-BoldCondensed.ttf' (158K)
[2019.11.07-07.37.23:216][741]LogSlate: Window 'User' being destroyed
[2019.11.07-07.37.23:221][741]LogSlate: Window 'User' being destroyed
[2019.11.07-07.37.28:956][304]LogUObjectHash: Compacting FUObjectHashTables data took   6.32ms
[2019.11.07-07.37.30:035][304]LogSlate: Window 'Delete Assets' being destroyed
[2019.11.07-07.37.30:140][304]LogUObjectHash: Compacting FUObjectHashTables data took   3.86ms
[2019.11.07-07.37.30:177][304]LogUObjectHash: Compacting FUObjectHashTables data took   2.75ms
[2019.11.07-07.37.30:208][304]LogUObjectHash: Compacting FUObjectHashTables data took   0.96ms
[2019.11.07-07.37.36:940][962]LogSlate: Window 'Failed Renames' being destroyed
[2019.11.07-07.37.43:121][544]LogUObjectHash: Compacting FUObjectHashTables data took   3.88ms
[2019.11.07-07.37.44:457][544]LogSlate: Window 'Delete Assets' being destroyed
[2019.11.07-07.37.44:461][544]LogUObjectGlobals: Force Deleting 3 Package(s):
	Asset Name: /Game/FirstPersonBP/Blueprints/Ability.Ability
	Asset Name: /Game/FirstPersonBP/Blueprints/Ability_true.Ability_true
	Asset Name: /Game/FirstPersonBP/Blueprints/Sprint.Sprint
[2019.11.07-07.37.45:735][544]LogUObjectHash: Compacting FUObjectHashTables data took   2.47ms
[2019.11.07-07.37.45:774][544]LogUObjectHash: Compacting FUObjectHashTables data took   0.96ms
[2019.11.07-07.37.45:813][544]LogUObjectHash: Compacting FUObjectHashTables data took   1.19ms
[2019.11.07-07.37.45:848][544]LogUObjectHash: Compacting FUObjectHashTables data took   2.46ms
[2019.11.07-07.37.45:885][544]LogUObjectHash: Compacting FUObjectHashTables data took   1.14ms
[2019.11.07-07.37.47:770][672]LogAssetEditorManager: Opening Asset editor for Blueprint /Game/FirstPersonBP/Blueprints/Soldier97.Soldier97
[2019.11.07-07.37.48:436][673]LogSlate: Took 0.008833 seconds to synchronously load lazily loaded font '../../../Engine/Content/Slate/Fonts/Roboto-Italic.ttf' (157K)
[2019.11.07-07.37.58:421][375]LogEditorViewport: Clicking on Actor (LMB): StaticMeshActor (EditorCube8)
[2019.11.07-07.37.59:344][470]Cmd: DELETE
[2019.11.07-07.37.59:344][470]Cmd: ACTOR DELETE
[2019.11.07-07.37.59:369][470]LogEditorActor: Deleted Actor: StaticMeshActor
[2019.11.07-07.37.59:414][470]LogUObjectHash: Compacting FUObjectHashTables data took   2.20ms
[2019.11.07-07.37.59:415][470]LogEditorActor: Deleted 1 Actors (0.068 secs)
[2019.11.07-07.38.00:496][598]LogEditorViewport: Clicking on Actor (LMB): StaticMeshActor (Floor)
[2019.11.07-07.38.00:930][644]LogEditorViewport: Clicking on Actor (LMB): CapturePoint_C (CapturePoint)
[2019.11.07-07.38.05:086][101]LogSlate: FSceneViewport::OnFocusLost() reason 0
[2019.11.07-07.38.14:126][ 29]LogAssetEditorManager: Opening Asset editor for Blueprint /Game/FirstPersonBP/Blueprints/FirstPersonCharacter.FirstPersonCharacter
[2019.11.07-07.38.26:509][869]BlueprintLog: New page: Compile FirstPersonCharacter
[2019.11.07-07.38.26:830][869]LogUObjectHash: Compacting FUObjectHashTables data took   3.60ms
[2019.11.07-07.38.40:537][917]BlueprintLog: New page: Compile FirstPersonCharacter
[2019.11.07-07.38.40:809][917]LogUObjectHash: Compacting FUObjectHashTables data took   3.92ms
[2019.11.07-07.39.36:433][160]BlueprintLog: New page: Compile FirstPersonCharacter
[2019.11.07-07.39.36:713][160]LogUObjectHash: Compacting FUObjectHashTables data took   4.72ms
[2019.11.07-07.39.49:009][206]BlueprintLog: New page: Compile FirstPersonCharacter
[2019.11.07-07.39.49:282][206]LogUObjectHash: Compacting FUObjectHashTables data took   4.22ms
[2019.11.07-07.40.16:690][266]Cmd: OBJ SAVEPACKAGE PACKAGE="/Game/FirstPersonBP/Blueprints/Soldier97" FILE="../../../../../../Users/jsuarez/Documents/Gameplay/BPOW/BPOW/Content/FirstPersonBP/Blueprints/Soldier97.uasset" SILENT=true
[2019.11.07-07.40.16:827][266]LogSavePackage: Moving '../../../../../../Users/jsuarez/Documents/Gameplay/BPOW/BPOW/Saved/Soldier97EF17B3C343F3C8C9D289D6994653CBB0.tmp' to '../../../../../../Users/jsuarez/Documents/Gameplay/BPOW/BPOW/Content/FirstPersonBP/Blueprints/Soldier97.uasset'
[2019.11.07-07.40.29:130][986]LogAssetEditorManager: Opening Asset editor for Blueprint /Game/FirstPersonBP/Blueprints/Abilities/Ability.Ability
[2019.11.07-07.40.40:659][896]LogSavePackage: Moving '../../../../../../Users/jsuarez/Documents/Gameplay/BPOW/BPOW/Saved/Ability8214DD424FF3ABD9D30FADBEC213CA26.tmp' to '../../../../../../Users/jsuarez/Documents/Gameplay/BPOW/BPOW/Content/FirstPersonBP/Blueprints/Abilities/Ability.uasset'
[2019.11.07-07.40.42:805][ 57]LogSavePackage: Moving '../../../../../../Users/jsuarez/Documents/Gameplay/BPOW/BPOW/Saved/FirstPersonCharacterEACB621F4DF27BB53B721681C877B131.tmp' to '../../../../../../Users/jsuarez/Documents/Gameplay/BPOW/BPOW/Content/FirstPersonBP/Blueprints/FirstPersonCharacter.uasset'
[2019.11.07-07.40.51:292][737]LogAssetEditorManager: Opening Asset editor for Blueprint /Game/FirstPersonBP/Blueprints/MapLogic/CapturePoint.CapturePoint
[2019.11.07-07.40.54:632][983]LogSlate: Window 'CapturePoint' being destroyed
[2019.11.07-07.40.54:637][983]LogSlate: Window 'CapturePoint' being destroyed
[2019.11.07-07.40.54:714][983]LogActorComponent: UnregisterComponent: (/Engine/Transient.EditorFloorComp) Not registered. Aborting.
[2019.11.07-07.40.54:793][983]LogActorComponent: UnregisterComponent: (/Engine/Transient.EditorFloorComp) Not registered. Aborting.
[2019.11.07-07.40.54:867][983]LogActorComponent: UnregisterComponent: (/Engine/Transient.EditorFloorComp) Not registered. Aborting.
[2019.11.07-07.40.56:545][159]LogAssetEditorManager: Opening Asset editor for LevelScriptBlueprint /Game/FirstPersonBP/Maps/FirstPersonExampleMap.FirstPersonExampleMap:PersistentLevel.FirstPersonExampleMap
[2019.11.07-07.41.00:611][519]LogTemp: Repeating last play command: Selected Viewport
[2019.11.07-07.41.00:639][519]LogBlueprintUserMessages: Early PlayInEditor Detection: Level '/Game/FirstPersonBP/Maps/FirstPersonExampleMap.FirstPersonExampleMap:PersistentLevel' has LevelScriptBlueprint '/Game/FirstPersonBP/Maps/FirstPersonExampleMap.FirstPersonExampleMap:PersistentLevel.FirstPersonExampleMap' with GeneratedClass '/Game/FirstPersonBP/Maps/FirstPersonExampleMap.FirstPersonExampleMap_C' with ClassGeneratedBy '/Game/FirstPersonBP/Maps/FirstPersonExampleMap.FirstPersonExampleMap:PersistentLevel.FirstPersonExampleMap'
[2019.11.07-07.41.00:640][519]LogPlayLevel: PlayLevel: No blueprints needed recompiling
[2019.11.07-07.41.00:641][519]PIE: New page: PIE session: FirstPersonExampleMap (7/11/2019 9:41:00)
[2019.11.07-07.41.00:654][519]LogPlayLevel: Creating play world package: /Game/FirstPersonBP/Maps/UEDPIE_0_FirstPersonExampleMap
[2019.11.07-07.41.00:683][519]LogPlayLevel: PIE: StaticDuplicateObject took: (0.027610s)
[2019.11.07-07.41.00:683][519]LogAIModule: Creating AISystem for world FirstPersonExampleMap
[2019.11.07-07.41.00:683][519]LogPlayLevel: PIE: World Init took: (0.000728s)
[2019.11.07-07.41.00:684][519]LogPlayLevel: PIE: Created PIE world by copying editor world from /Game/FirstPersonBP/Maps/FirstPersonExampleMap.FirstPersonExampleMap to /Game/FirstPersonBP/Maps/UEDPIE_0_FirstPersonExampleMap.FirstPersonExampleMap (0.029202s)
[2019.11.07-07.41.00:733][519]LogUObjectHash: Compacting FUObjectHashTables data took   4.74ms
[2019.11.07-07.41.00:755][519]LogInit: XAudio2 using 'EPSON PJ (NVIDIA High Definition Audio)' : 2 channels at 48 kHz using 16 bits per sample (channel mask 0x3)
[2019.11.07-07.41.00:767][519]LogInit: FAudioDevice initialized.
[2019.11.07-07.41.00:810][519]LogLoad: Game class is 'FirstPersonGameMode_C'
[2019.11.07-07.41.00:812][519]LogWorld: Bringing World /Game/FirstPersonBP/Maps/UEDPIE_0_FirstPersonExampleMap.FirstPersonExampleMap up for play (max tick rate 0) at 2019.11.07-08.41.00
[2019.11.07-07.41.00:813][519]LogWorld: Bringing up level for play took: 0.002070
[2019.11.07-07.41.00:842][519]LogBlueprintActionDatabase: Requesting refresh due to module change: Voice (loaded)
[2019.11.07-07.41.00:849][519]LogBlueprintActionDatabase: Requesting refresh due to module change: MovieSceneCapture (loaded)
[2019.11.07-07.41.00:850][519]LogContentBrowser: Native class hierarchy updated for 'MovieSceneCapture' in 0.0005 seconds. Added 20 classes and 0 folders.
[2019.11.07-07.41.00:852][519]PIE: Warning: The widget 'LevelWidget_C' was already added to the screen.
[2019.11.07-07.41.00:854][519]PIE: Play in editor start time for /Game/FirstPersonBP/Maps/UEDPIE_0_FirstPersonExampleMap -0,688
[2019.11.07-07.41.00:854][519]LogBlueprintUserMessages: Late PlayInEditor Detection: Level '/Game/FirstPersonBP/Maps/FirstPersonExampleMap.FirstPersonExampleMap:PersistentLevel' has LevelScriptBlueprint '/Game/FirstPersonBP/Maps/FirstPersonExampleMap.FirstPersonExampleMap:PersistentLevel.FirstPersonExampleMap' with GeneratedClass '/Game/FirstPersonBP/Maps/FirstPersonExampleMap.FirstPersonExampleMap_C' with ClassGeneratedBy '/Game/FirstPersonBP/Maps/FirstPersonExampleMap.FirstPersonExampleMap:PersistentLevel.FirstPersonExampleMap'
[2019.11.07-07.41.05:447][ 21]LogBlueprintUserMessages: Early EndPlayMap Detection: Level '/Game/FirstPersonBP/Maps/FirstPersonExampleMap.FirstPersonExampleMap:PersistentLevel' has LevelScriptBlueprint '/Game/FirstPersonBP/Maps/FirstPersonExampleMap.FirstPersonExampleMap:PersistentLevel.FirstPersonExampleMap' with GeneratedClass '/Game/FirstPersonBP/Maps/FirstPersonExampleMap.FirstPersonExampleMap_C' with ClassGeneratedBy '/Game/FirstPersonBP/Maps/FirstPersonExampleMap.FirstPersonExampleMap:PersistentLevel.FirstPersonExampleMap'
[2019.11.07-07.41.05:447][ 21]LogSlate: Updating window title bar state: overlay mode, drag disabled, window buttons hidden, title bar hidden
[2019.11.07-07.41.05:481][ 21]LogPlayLevel: Display: Shutting down PIE online subsystems
[2019.11.07-07.41.05:481][ 21]LogBlueprintUserMessages: Late EndPlayMap Detection: Level '/Game/FirstPersonBP/Maps/FirstPersonExampleMap.FirstPersonExampleMap:PersistentLevel' has LevelScriptBlueprint '/Game/FirstPersonBP/Maps/FirstPersonExampleMap.FirstPersonExampleMap:PersistentLevel.FirstPersonExampleMap' with GeneratedClass '/Game/FirstPersonBP/Maps/FirstPersonExampleMap.FirstPersonExampleMap_C' with ClassGeneratedBy '/Game/FirstPersonBP/Maps/FirstPersonExampleMap.FirstPersonExampleMap:PersistentLevel.FirstPersonExampleMap'
[2019.11.07-07.41.05:526][ 21]LogSlate: Updating window title bar state: overlay mode, drag disabled, window buttons hidden, title bar hidden
[2019.11.07-07.41.05:551][ 21]LogUObjectHash: Compacting FUObjectHashTables data took   5.62ms
[2019.11.07-07.41.05:560][ 21]LogSlate: FSceneViewport::OnFocusLost() reason 2
[2019.11.07-07.41.05:591][ 22]LogPlayLevel: Display: Destroying online subsystem :Context_14
[2019.11.07-07.41.14:245][ 44]LogSlate: Window 'Message Log' being destroyed
[2019.11.07-07.41.14:250][ 44]LogSlate: Window 'Message Log' being destroyed
[2019.11.07-07.41.22:422][953]LogSlate: Window 'FirstPersonExampleMap' being destroyed
[2019.11.07-07.41.22:427][953]LogSlate: Window 'FirstPersonExampleMap' being destroyed
[2019.11.07-07.41.25:695][325]LogAssetEditorManager: Opening Asset editor for WidgetBlueprint /Game/FirstPersonBP/Blueprints/HUD/LevelWidget.LevelWidget
[2019.11.07-07.41.31:823][824]LogSlate: Window 'LevelWidget' being destroyed
[2019.11.07-07.41.31:827][824]LogSlate: Window 'LevelWidget' being destroyed
[2019.11.07-07.41.32:429][889]LogTemp: Repeating last play command: Selected Viewport
[2019.11.07-07.41.32:447][889]LogBlueprintUserMessages: Early PlayInEditor Detection: Level '/Game/FirstPersonBP/Maps/FirstPersonExampleMap.FirstPersonExampleMap:PersistentLevel' has LevelScriptBlueprint '/Game/FirstPersonBP/Maps/FirstPersonExampleMap.FirstPersonExampleMap:PersistentLevel.FirstPersonExampleMap' with GeneratedClass '/Game/FirstPersonBP/Maps/FirstPersonExampleMap.FirstPersonExampleMap_C' with ClassGeneratedBy '/Game/FirstPersonBP/Maps/FirstPersonExampleMap.FirstPersonExampleMap:PersistentLevel.FirstPersonExampleMap'
[2019.11.07-07.41.32:447][889]LogPlayLevel: PlayLevel: No blueprints needed recompiling
[2019.11.07-07.41.32:447][889]PIE: New page: PIE session: FirstPersonExampleMap (7/11/2019 9:41:32)
[2019.11.07-07.41.32:447][889]LogPlayLevel: Creating play world package: /Game/FirstPersonBP/Maps/UEDPIE_0_FirstPersonExampleMap
[2019.11.07-07.41.32:461][889]LogPlayLevel: PIE: StaticDuplicateObject took: (0.013633s)
[2019.11.07-07.41.32:462][889]LogAIModule: Creating AISystem for world FirstPersonExampleMap
[2019.11.07-07.41.32:462][889]LogPlayLevel: PIE: World Init took: (0.000677s)
[2019.11.07-07.41.32:462][889]LogPlayLevel: PIE: Created PIE world by copying editor world from /Game/FirstPersonBP/Maps/FirstPersonExampleMap.FirstPersonExampleMap to /Game/FirstPersonBP/Maps/UEDPIE_0_FirstPersonExampleMap.FirstPersonExampleMap (0.014511s)
[2019.11.07-07.41.32:526][889]LogUObjectHash: Compacting FUObjectHashTables data took   5.65ms
[2019.11.07-07.41.32:545][889]LogInit: XAudio2 using 'EPSON PJ (NVIDIA High Definition Audio)' : 2 channels at 48 kHz using 16 bits per sample (channel mask 0x3)
[2019.11.07-07.41.32:555][889]LogInit: FAudioDevice initialized.
[2019.11.07-07.41.32:585][889]LogLoad: Game class is 'FirstPersonGameMode_C'
[2019.11.07-07.41.32:588][889]LogWorld: Bringing World /Game/FirstPersonBP/Maps/UEDPIE_0_FirstPersonExampleMap.FirstPersonExampleMap up for play (max tick rate 0) at 2019.11.07-08.41.32
[2019.11.07-07.41.32:588][889]LogWorld: Bringing up level for play took: 0.002144
[2019.11.07-07.41.32:601][889]PIE: Warning: The widget 'LevelWidget_C' was already added to the screen.
[2019.11.07-07.41.32:602][889]PIE: Play in editor start time for /Game/FirstPersonBP/Maps/UEDPIE_0_FirstPersonExampleMap 1,06
[2019.11.07-07.41.32:603][889]LogBlueprintUserMessages: Late PlayInEditor Detection: Level '/Game/FirstPersonBP/Maps/FirstPersonExampleMap.FirstPersonExampleMap:PersistentLevel' has LevelScriptBlueprint '/Game/FirstPersonBP/Maps/FirstPersonExampleMap.FirstPersonExampleMap:PersistentLevel.FirstPersonExampleMap' with GeneratedClass '/Game/FirstPersonBP/Maps/FirstPersonExampleMap.FirstPersonExampleMap_C' with ClassGeneratedBy '/Game/FirstPersonBP/Maps/FirstPersonExampleMap.FirstPersonExampleMap:PersistentLevel.FirstPersonExampleMap'
[2019.11.07-07.41.32:992][932]LogBlueprintUserMessages: Early EndPlayMap Detection: Level '/Game/FirstPersonBP/Maps/FirstPersonExampleMap.FirstPersonExampleMap:PersistentLevel' has LevelScriptBlueprint '/Game/FirstPersonBP/Maps/FirstPersonExampleMap.FirstPersonExampleMap:PersistentLevel.FirstPersonExampleMap' with GeneratedClass '/Game/FirstPersonBP/Maps/FirstPersonExampleMap.FirstPersonExampleMap_C' with ClassGeneratedBy '/Game/FirstPersonBP/Maps/FirstPersonExampleMap.FirstPersonExampleMap:PersistentLevel.FirstPersonExampleMap'
[2019.11.07-07.41.32:993][932]LogSlate: Updating window title bar state: overlay mode, drag disabled, window buttons hidden, title bar hidden
[2019.11.07-07.41.33:025][932]LogPlayLevel: Display: Shutting down PIE online subsystems
[2019.11.07-07.41.33:025][932]LogBlueprintUserMessages: Late EndPlayMap Detection: Level '/Game/FirstPersonBP/Maps/FirstPersonExampleMap.FirstPersonExampleMap:PersistentLevel' has LevelScriptBlueprint '/Game/FirstPersonBP/Maps/FirstPersonExampleMap.FirstPersonExampleMap:PersistentLevel.FirstPersonExampleMap' with GeneratedClass '/Game/FirstPersonBP/Maps/FirstPersonExampleMap.FirstPersonExampleMap_C' with ClassGeneratedBy '/Game/FirstPersonBP/Maps/FirstPersonExampleMap.FirstPersonExampleMap:PersistentLevel.FirstPersonExampleMap'
[2019.11.07-07.41.33:081][932]LogSlate: Updating window title bar state: overlay mode, drag disabled, window buttons hidden, title bar hidden
[2019.11.07-07.41.33:104][932]LogUObjectHash: Compacting FUObjectHashTables data took   4.29ms
[2019.11.07-07.41.33:138][933]LogPlayLevel: Display: Destroying online subsystem :Context_17
[2019.11.07-07.41.39:409][424]LogSlate: Window 'Message Log' being destroyed
[2019.11.07-07.41.39:414][424]LogSlate: Window 'Message Log' being destroyed
[2019.11.07-07.41.43:062][830]LogAssetEditorManager: Opening Asset editor for Blueprint /Game/FirstPersonBP/Blueprints/FirstPersonCharacter.FirstPersonCharacter
[2019.11.07-07.41.55:635][782]LogSlate: Window 'FirstPersonCharacter' being destroyed
[2019.11.07-07.41.55:639][782]LogSlate: Window 'FirstPersonCharacter' being destroyed
